9 molecules finished reading. Calculating strain energy...
6 successful / 3 NA. Please check: /mnt/data/dk/work/grids_lit-pcba/ESR1ago/strain/ESR1ago-2qzo_active_glide_lib_sorted.csv

32 molecules finished reading. Calculating strain energy...
32 successful / 0 NA. Please check: /mnt/data/dk/work/grids_lit-pcba/OPRK1/strain/OPRK1-6b73_active_glide_lib_sorted.csv

34 molecules finished reading. Calculating strain energy...
34 successful / 0 NA. Please check: /mnt/data/dk/work/grids_lit-pcba/PPARG/strain/PPARG-3b1m_active_glide_lib_sorted.csv

33 molecules finished reading. Calculating strain energy...
33 successful / 0 NA. Please check: /mnt/data/dk/work/grids_lit-pcba/ADRB2/strain/ADRB2-4lde_active_glide_lib_sorted.csv

61 molecules finished reading. Calculating strain energy...
59 successful / 2 NA. Please check: /mnt/data/dk/work/grids_lit-pcba/IDH1/strain/IDH1-4umx_active_glide_lib_sorted.csv

133 molecules finished reading. Calculating strain energy...
122 successful / 11 NA. Please check: /mnt/data/dk/work/grids_lit-pcba/ESR1ant/strain/ESR1ant-2iog_active_glide_lib_sorted.csv

153 molecules finished reading. Calculating strain energy...
145 successful / 8 NA. Please check: /mnt/data/dk/work/grids_lit-pcba/TP53/strain/TP53-3zme_active_glide_lib_sorted.csv

129 molecules finished reading. Calculating strain energy...
129 successful / 0 NA. Please check: /mnt/data/dk/work/grids_lit-pcba/MTORC1/strain/MTORC1-4dri_active_glide_lib_sorted.csv

221 molecules finished reading. Calculating strain energy...
215 successful / 6 NA. Please check: /mnt/data/dk/work/grids_lit-pcba/GBA/strain/GBA-2v3d_active_glide_lib_sorted.csv

286 molecules finished reading. Calculating strain energy...
281 successful / 5 NA. Please check: /mnt/data/dk/work/grids_lit-pcba/KAT2A/strain/KAT2A-5mlj_active_glide_lib_sorted.csv

399 molecules finished reading. Calculating strain energy...
378 successful / 21 NA. Please check: /mnt/data/dk/work/grids_lit-pcba/MAPK1/strain/MAPK1-4zzn_active_glide_lib_sorted.csv

632 molecules finished reading. Calculating strain energy...
591 successful / 41 NA. Please check: /mnt/data/dk/work/grids_lit-pcba/FEN1/strain/FEN1-5fv7_active_glide_lib_sorted.csv

633 molecules finished reading. Calculating strain energy...
632 successful / 1 NA. Please check: /mnt/data/dk/work/grids_lit-pcba/PKM2/strain/PKM2-3gr4_active_glide_lib_sorted.csv

1192 molecules finished reading. Calculating strain energy...
1147 successful / 45 NA. Please check: /mnt/data/dk/work/grids_lit-pcba/VDR/strain/VDR-3a2j_active_glide_lib_sorted.csv

5877 molecules finished reading. Calculating strain energy...
5501 successful / 376 NA. Please check: /mnt/data/dk/work/grids_lit-pcba/TP53/strain/TP53-3zme_inactive_glide_lib_sorted.csv

7070 molecules finished reading. Calculating strain energy...
6392 successful / 678 NA. Please check: /mnt/data/dk/work/grids_lit-pcba/ESR1ago/strain/ESR1ago-2qzo_inactive_glide_lib_sorted.csv

7232 molecules finished reading. Calculating strain energy...
6601 successful / 631 NA. Please check: /mnt/data/dk/work/grids_lit-pcba/ESR1ant/strain/ESR1ant-2iog_inactive_glide_lib_sorted.csv

7511 molecules finished reading. Calculating strain energy...
6908 successful / 603 NA. Please check: /mnt/data/dk/work/grids_lit-pcba/PPARG/strain/PPARG-3b1m_inactive_glide_lib_sorted.csv

11427 molecules finished reading. Calculating strain energy...
11319 successful / 108 NA. Please check: /mnt/data/dk/work/grids_lit-pcba/ALDH1/strain/ALDH1-5l2m_active_glide_lib_sorted.csv

41016 molecules finished reading. Calculating strain energy...
41011 successful / 5 NA. Please check: /mnt/data/dk/work/grids_lit-pcba/MTORC1/strain/MTORC1-4dri_inactive_glide_lib_sorted.csv

104929 molecules finished reading. Calculating strain energy...
101176 successful / 3753 NA. Please check: /mnt/data/dk/work/grids_lit-pcba/IDH1/strain/IDH1-4umx_inactive_glide_lib_sorted.csv

109933 molecules finished reading. Calculating strain energy...
107260 successful / 2673 NA. Please check: /mnt/data/dk/work/grids_lit-pcba/MAPK1/strain/MAPK1-4zzn_inactive_glide_lib_sorted.csv

226155 molecules finished reading. Calculating strain energy...
222475 successful / 3680 NA. Please check: /mnt/data/dk/work/grids_lit-pcba/ALDH1/strain/ALDH1-5l2m_inactive_glide_lib_sorted.csv

378230 molecules finished reading. Calculating strain energy...
375594 successful / 2636 NA. Please check: /mnt/data/dk/work/grids_lit-pcba/PKM2/strain/PKM2-3gr4_inactive_glide_lib_sorted.csv

415798 molecules finished reading. Calculating strain energy...
412893 successful / 2905 NA. Please check: /mnt/data/dk/work/grids_lit-pcba/OPRK1/strain/OPRK1-6b73_inactive_glide_lib_sorted.csv

461129 molecules finished reading. Calculating strain energy...
457621 successful / 3508 NA. Please check: /mnt/data/dk/work/grids_lit-pcba/ADRB2/strain/ADRB2-4lde_inactive_glide_lib_sorted.csv

471025 molecules finished reading. Calculating strain energy...
465140 successful / 5885 NA. Please check: /mnt/data/dk/work/grids_lit-pcba/GBA/strain/GBA-2v3d_inactive_glide_lib_sorted.csv

521328 molecules finished reading. Calculating strain energy...
513877 successful / 7451 NA. Please check: /mnt/data/dk/work/grids_lit-pcba/VDR/strain/VDR-3a2j_inactive_glide_lib_sorted.csv

532062 molecules finished reading. Calculating strain energy...
527213 successful / 4849 NA. Please check: /mnt/data/dk/work/grids_lit-pcba/KAT2A/strain/KAT2A-5mlj_inactive_glide_lib_sorted.csv

554032 molecules finished reading. Calculating strain energy...
547468 successful / 6564 NA. Please check: /mnt/data/dk/work/grids_lit-pcba/FEN1/strain/FEN1-5fv7_inactive_glide_lib_sorted.csv

